<?xml version="1.0" encoding="UTF-8"?>
<testng-results ignored="0" total="1" passed="1" failed="0" skipped="0">
  <reporter-output>
  </reporter-output>
  <suite started-at="2025-01-16T10:52:32 IST" name="Suite11" finished-at="2025-01-16T10:52:32 IST" duration-ms="428">
    <groups>
    </groups>
    <test started-at="2025-01-16T10:52:32 IST" name="Test22" finished-at="2025-01-16T10:52:32 IST" duration-ms="428">
      <class name="tests.HomePageTests">
        <test-method signature="verifyLoginButtonVisible()[pri:0, instance:tests.HomePageTests@35390ee3]" started-at="2025-01-16T10:52:32 IST" name="verifyLoginButtonVisible" finished-at="2025-01-16T10:52:32 IST" duration-ms="378" status="PASS">
          <reporter-output>
          </reporter-output>
        </test-method> <!-- verifyLoginButtonVisible -->
      </class> <!-- tests.HomePageTests -->
    </test> <!-- Test22 -->
  </suite> <!-- Suite11 -->
</testng-results>
